/wptgj/sys05/shareproject/Doc/mt_work/helidon/prev_tm.lst loaded
/wptgj/sys05/shareproject/Doc/mt_work/helidon/tm.lst loaded
                h1: 'Overview',
                h1: '概要',
                title: 'Overview',
                title: '概要',
                h1: 'About Helidon',
                h1: 'Helidonについて',
                title: 'About Helidon',
                title: 'Helidonについて',
                h1: 'Get Started',
                h1: '開始',
                title: 'Get Started',
                title: '開始',
                h1: 'Managing Dependencies',
                h1: '依存関係の管理',
                title: 'Managing Dependencies',
                title: '依存関係の管理',
not found :Helidon CLI:
not found :Helidon CLI:
                h1: 'Kubernetes on your Desktop',
                h1: 'デスクトップ上のKubernetes',
                title: 'Kubernetes on your Desktop',
                title: 'デスクトップ上のKubernetes',
                h1: 'Upgrading from 1.4',
                h1: '1.4からのアップグレード',
                title: 'Upgrading from 1.4',
                title: '1.4からのアップグレード',
not found :Helidon SE:
not found :Helidon SE:
                h1: 'Overview',
                h1: '概要',
                title: 'Overview',
                title: '概要',
                h1: 'Helidon SE Quickstart',
                h1: 'Helidon SEクイックスタート',
                title: 'Helidon SE Quickstart',
                title: 'Helidon SEクイックスタート',
                h1: 'Helidon SE Config Guide',
                h1: 'Helidon SE構成ガイド',
                title: 'Helidon SE Config Guide',
                title: 'Helidon SE構成ガイド',
                h1: 'Helidon SE Health Check Guide',
                h1: 'Helidon SEヘルス・チェック・ガイド',
                title: 'Helidon SE Health Check Guide',
                title: 'Helidon SEヘルス・チェック・ガイド',
                h1: 'Helidon SE Metrics Guide',
                h1: 'Helidon SEメトリック・ガイド',
                title: 'Helidon SE Metrics Guide',
                title: 'Helidon SEメトリック・ガイド',
                h1: 'Helidon SE OIDC Security Provider Guide',
                h1: 'Helidon SE OIDCセキュリティ・プロバイダ・ガイド',
                title: 'Helidon SE OIDC Security Provider Guide',
                title: 'Helidon SE OIDCセキュリティ・プロバイダ・ガイド',
                h1: 'Helidon SE Tracing Guide',
                h1: 'Helidon SEトレース・ガイド',
                title: 'Helidon SE Tracing Guide',
                title: 'Helidon SEトレース・ガイド',
                h1: 'Helidon SE Upgrade Guide',
                h1: 'Helidon SEアップグレード・ガイド',
                title: 'Helidon SE Upgrade Guide',
                title: 'Helidon SEアップグレード・ガイド',
                h1: 'Maven Guide',
                h1: 'Mavenガイド',
                title: 'Maven Guide',
                title: 'Mavenガイド',
                h1: 'Gradle Guide',
                h1: 'Gradleガイド',
                title: 'Gradle Guide',
                title: 'Gradleガイド',
                h1: 'GraalVM Native Images',
                h1: 'GraalVMネイティブ・イメージ',
                title: 'GraalVM Native Images',
                title: 'GraalVMネイティブ・イメージ',
                h1: 'Custom Runtime Images with `jlink`',
                h1: '`jlink`を使用したカスタム・ランタイム・イメージ',
                title: 'Custom Runtime Images with `jlink`',
                title: '`jlink`を使用したカスタム・ランタイム・イメージ',
                h1: 'The Configuration Component',
                h1: '構成コンポーネント',
                title: 'The Configuration Component',
                title: '構成コンポーネント',
                h1: 'Loading Configuration: Config Sources and Parsers',
                h1: '構成のロード: 構成ソースおよびパーサー',
                title: 'Loading Configuration: Config Sources and Parsers',
                title: '構成のロード: 構成ソースおよびパーサー',
                h1: 'Hierarchical Features',
                h1: '階層機能',
                title: 'Hierarchical Features',
                title: '階層機能',
                h1: 'Property Mapping',
                h1: 'プロパティ・マッピング',
                title: 'Property Mapping',
                title: 'プロパティ・マッピング',
                h1: 'Mutability Support',
                h1: '可変性のサポート',
                title: 'Mutability Support',
                title: '可変性のサポート',
                h1: 'Advanced Configuration Topics',
                h1: '拡張構成のトピック',
                title: 'Advanced Configuration Topics',
                title: '拡張構成のトピック',
##########extensions :Extensions:
gg_us#######extensions :Extensions:
gg_tr#######extensions : h1: '拡張':
hh_ln######extensions :                h1: 'Extensions',
iiiiii######extensions :\ h1\:\ \'Extensions\'
                h1: 'Extensions',
                h1: '拡張',
##########extensions :Extensions:
gg_us#######extensions :Extensions:
gg_tr#######extensions : title: '拡張':
hh_ln######extensions :                title: 'Extensions',
iiiiii######extensions :\ title\:\ \'Extensions\'
                title: 'Extensions',
                title: '拡張',
                h1: 'Additional Supported Formats and Sources',
                h1: 'サポートされているその他の形式およびソース',
                title: 'Additional Supported Formats and Sources',
                title: 'サポートされているその他の形式およびソース',
                h1: 'About CORS in Helidon SE',
                h1: 'Helidon SEのCORSについて',
                title: 'About CORS in Helidon SE',
                title: 'Helidon SEのCORSについて',
                h1: 'Using the Helidon SE CORS API',
                h1: 'Helidon SE CORS APIの使用',
                title: 'Using the Helidon SE CORS API',
                title: 'Helidon SE CORS APIの使用',
                h1: 'Using Configuration for CORS',
                h1: 'CORSの構成の使用',
                title: 'Using Configuration for CORS',
                title: 'CORSの構成の使用',
                h1: 'Using CORS in Built-in Services',
                h1: '組込みサービスでのCORSの使用',
                title: 'Using CORS in Built-in Services',
                title: '組込みサービスでのCORSの使用',
                h1: 'About Helidon DB Client',
                h1: 'Helidon DBクライアントについて',
                title: 'About Helidon DB Client',
                title: 'Helidon DBクライアントについて',
                h1: 'gRPC Server Introduction',
                h1: 'gRPCサーバーの概要',
                title: 'gRPC Server Introduction',
                title: 'gRPCサーバーの概要',
                h1: 'gRPC Server Configuration',
                h1: 'gRPCサーバー構成',
                title: 'gRPC Server Configuration',
                title: 'gRPCサーバー構成',
                h1: 'gRPC Server Routing',
                h1: 'gRPCサーバーのルーティング',
                title: 'gRPC Server Routing',
                title: 'gRPCサーバーのルーティング',
                h1: 'gRPC Service Implementation',
                h1: 'gRPCサービスの実装',
                title: 'gRPC Service Implementation',
                title: 'gRPCサービスの実装',
                h1: 'gRPC Interceptors',
                h1: 'gRPCインターセプタ',
                title: 'gRPC Interceptors',
                title: 'gRPCインターセプタ',
                h1: 'gRPC Service Health Checks',
                h1: 'gRPCサービス・ヘルス・チェック',
                title: 'gRPC Service Health Checks',
                title: 'gRPCサービス・ヘルス・チェック',
                h1: 'gRPC Service Metrics',
                h1: 'gRPCサービス・メトリック',
                title: 'gRPC Service Metrics',
                title: 'gRPCサービス・メトリック',
                h1: 'gRPC Server Security',
                h1: 'gRPCサーバー・セキュリティ',
                title: 'gRPC Server Security',
                title: 'gRPCサーバー・セキュリティ',
                h1: 'gRPC Client Introduction',
                h1: 'gRPCクライアントの概要',
                title: 'gRPC Client Introduction',
                title: 'gRPCクライアントの概要',
                h1: 'gRPC Client Configuration',
                h1: 'gRPCクライアント構成',
                title: 'gRPC Client Configuration',
                title: 'gRPCクライアント構成',
                h1: 'gRPC Client Implementation',
                h1: 'gRPCクライアント実装',
                title: 'gRPC Client Implementation',
                title: 'gRPCクライアント実装',
                h1: 'GraphQL Server Introduction',
                h1: 'GraphQLサーバーの概要',
                title: 'GraphQL Server Introduction',
                title: 'GraphQLサーバーの概要',
                h1: 'Health Checks',
                h1: 'ヘルス・チェック',
                title: 'Health Checks',
                title: 'ヘルス・チェック',
                h1: 'Kubernetes Probes',
                h1: 'Kubernetesプローブ',
                title: 'Kubernetes Probes',
                title: 'Kubernetesプローブ',
                h1: 'Metrics',
                h1: 'メトリックス',
                title: 'Metrics',
                title: 'メトリックス',
                h1: 'Prometheus Metrics',
                h1: 'Prometheusメトリック',
                title: 'Prometheus Metrics',
                title: 'Prometheusメトリック',
                h1: 'OpenAPI in SE',
                h1: 'SEのOpenAPI',
                title: 'OpenAPI in SE',
                title: 'SEのOpenAPI',
                h1: 'Overview',
                h1: '概要',
                title: 'Overview',
                title: '概要',
                h1: 'Helidon Reactive Engine',
                h1: 'Helidonリアクティブ・エンジン',
                title: 'Helidon Reactive Engine',
                title: 'Helidonリアクティブ・エンジン',
                h1: 'Reactive Streams Operators',
                h1: 'リアクティブ・ストリーム演算子',
                title: 'Reactive Streams Operators',
                title: 'リアクティブ・ストリーム演算子',
                h1: 'Reactive Messaging',
                h1: 'リアクティブ・メッセージング',
                title: 'Reactive Messaging',
                title: 'リアクティブ・メッセージング',
                h1: 'Connector',
                h1: 'コネクタ',
                title: 'Connector',
                title: 'コネクタ',
                h1: 'Kafka Connector',
                h1: 'Kafkaコネクタ',
                title: 'Kafka Connector',
                title: 'Kafkaコネクタ',
                h1: 'JMS Connector',
                h1: 'JMSコネクタ',
                title: 'JMS Connector',
                title: 'JMSコネクタ',
                h1: 'AQ Connector',
                h1: 'AQコネクタ',
                title: 'AQ Connector',
                title: 'AQコネクタ',
                h1: 'WebServer Introduction',
                h1: 'WebServer概要',
                title: 'WebServer Introduction',
                title: 'WebServer概要',
                h1: 'WebServer Configuration',
                h1: 'WebServerの構成',
                title: 'WebServer Configuration',
                title: 'WebServerの構成',
                h1: 'Routing',
                h1: 'ルーティング',
                title: 'Routing',
                title: 'ルーティング',
                h1: 'Request Handling',
                h1: 'リクエスト処理',
                title: 'Request Handling',
                title: 'リクエスト処理',
                h1: 'Error Handling',
                h1: 'エラー処理',
                title: 'Error Handling',
                title: 'エラー処理',
                h1: 'Static Content Support',
                h1: '静的コンテンツのサポート',
                title: 'Static Content Support',
                title: '静的コンテンツのサポート',
                h1: 'Jersey (JAX-RS) Support',
                h1: 'Jersey (JAX-RS)サポート',
                title: 'Jersey (JAX-RS) Support',
                title: 'Jersey (JAX-RS)サポート',
                h1: 'JSON Support',
                h1: 'JSONのサポート',
                title: 'JSON Support',
                title: 'JSONのサポート',
                h1: 'JSON-B Support',
                h1: 'JSON-Bのサポート',
                title: 'JSON-B Support',
                title: 'JSON-Bのサポート',
                h1: 'Jackson Support',
                h1: 'Jacksonのサポート',
                title: 'Jackson Support',
                title: 'Jacksonのサポート',
                h1: 'WebServer Access Log',
                h1: 'WebServerアクセス・ログ',
                title: 'WebServer Access Log',
                title: 'WebServerアクセス・ログ',
                h1: 'WebServer TLS configuration',
                h1: 'WebServer TLS構成',
                title: 'WebServer TLS configuration',
                title: 'WebServer TLS構成',
                h1: 'WebServer HTTP Compression',
                h1: 'WebServer HTTP圧縮',
                title: 'WebServer HTTP Compression',
                title: 'WebServer HTTP圧縮',
                h1: 'Security Introduction',
                h1: 'セキュリティの概要',
                title: 'Security Introduction',
                title: 'セキュリティの概要',
                h1: 'Security Providers',
                h1: 'セキュリティ・プロバイダ',
                title: 'Security Providers',
                title: 'セキュリティ・プロバイダ',
                h1: 'Containers Integration',
                h1: 'コンテナ統合',
                title: 'Containers Integration',
                title: 'コンテナ統合',
                h1: 'Security Tools',
                h1: 'セキュリティ・ツール',
                title: 'Security Tools',
                title: 'セキュリティ・ツール',
                h1: 'Extending Security',
                h1: 'セキュリティの強化',
                title: 'Extending Security',
                title: 'セキュリティの強化',
                h1: 'Tracing',
                h1: 'トレース',
                title: 'Tracing',
                title: 'トレース',
                h1: 'Zipkin Tracing',
                h1: 'Zipkinトレース',
                title: 'Zipkin Tracing',
                title: 'Zipkinトレース',
                h1: 'Jaeger Tracing',
                h1: 'Jaegerトレース',
                title: 'Jaeger Tracing',
                title: 'Jaegerトレース',
                h1: 'WebClient Introduction',
                h1: 'WebClient概要',
                title: 'WebClient Introduction',
                title: 'WebClient概要',
                h1: 'WebClient TLS configuration',
                h1: 'WebClient TLS構成',
                title: 'WebClient TLS configuration',
                title: 'WebClient TLS構成',
                h1: 'WebSocket Introduction',
                h1: 'WebSocket概要',
                title: 'WebSocket Introduction',
                title: 'WebSocket概要',
                h1: 'GraalVM native image',
                h1: 'GraalVMネイティブ・イメージ',
                title: 'GraalVM native image',
                title: 'GraalVMネイティブ・イメージ',
                h1: 'Fault Tolerance in Helidon SE',
                h1: 'Helidon SEでのフォルト・トレランス',
                title: 'Fault Tolerance in Helidon SE',
                title: 'Helidon SEでのフォルト・トレランス',
                h1: 'Helidon MP Introduction',
                h1: 'Helidon MPの概要',
                title: 'Helidon MP Introduction',
                title: 'Helidon MPの概要',
not found :Helidon MicroProfile:
not found :Helidon MicroProfile:
                h1: 'Overview',
                h1: '概要',
                title: 'Overview',
                title: '概要',
                h1: 'Helidon MP Quickstart',
                h1: 'Helidon MPクイックスタート',
                title: 'Helidon MP Quickstart',
                title: 'Helidon MPクイックスタート',
                h1: 'Helidon MP Config Guide',
                h1: 'Helidon MP構成ガイド',
                title: 'Helidon MP Config Guide',
                title: 'Helidon MP構成ガイド',
                h1: 'Helidon MP Health Check Guide',
                h1: 'Helidon MPヘルス・チェック・ガイド',
                title: 'Helidon MP Health Check Guide',
                title: 'Helidon MPヘルス・チェック・ガイド',
                h1: 'Helidon MP Metrics Guide',
                h1: 'Helidon MPメトリック・ガイド',
                title: 'Helidon MP Metrics Guide',
                title: 'Helidon MPメトリック・ガイド',
                h1: 'Helidon MP OIDC Security Provider',
                h1: 'Helidon MP OIDCセキュリティ・プロバイダ',
                title: 'Helidon MP OIDC Security Provider',
                title: 'Helidon MP OIDCセキュリティ・プロバイダ',
                h1: 'Helidon MP Tracing Guide',
                h1: 'Helidon MPトレース・ガイド',
                title: 'Helidon MP Tracing Guide',
                title: 'Helidon MPトレース・ガイド',
                h1: 'Helidon MP Data Source Guide',
                h1: 'Helidon MPデータ・ソース・ガイド',
                title: 'Helidon MP Data Source Guide',
                title: 'Helidon MPデータ・ソース・ガイド',
                h1: 'Helidon MP JTA Guide',
                h1: 'Helidon MP JTAガイド',
                title: 'Helidon MP JTA Guide',
                title: 'Helidon MP JTAガイド',
                h1: 'Helidon MP JPA Guide',
                h1: 'Helidon MP JPAガイド',
                title: 'Helidon MP JPA Guide',
                title: 'Helidon MP JPAガイド',
                h1: 'Helidon MP Tutorial',
                h1: 'Helidon MPチュートリアル',
                title: 'Helidon MP Tutorial',
                title: 'Helidon MPチュートリアル',
                h1: 'Helidon MP Upgrade Guide',
                h1: 'Helidon MPアップグレード・ガイド',
                title: 'Helidon MP Upgrade Guide',
                title: 'Helidon MPアップグレード・ガイド',
                h1: 'Maven Guide',
                h1: 'Mavenガイド',
                title: 'Maven Guide',
                title: 'Mavenガイド',
                h1: 'Gradle Guide',
                h1: 'Gradleガイド',
                title: 'Gradle Guide',
                title: 'Gradleガイド',
                h1: 'GraalVM Native Images',
                h1: 'GraalVMネイティブ・イメージ',
                title: 'GraalVM Native Images',
                title: 'GraalVMネイティブ・イメージ',
                h1: 'Custom Runtime Images with `jlink`',
                h1: '`jlink`を使用したカスタム・ランタイム・イメージ',
                title: 'Custom Runtime Images with `jlink`',
                title: '`jlink`を使用したカスタム・ランタイム・イメージ',
                h1: 'MicroProfile Config',
                h1: 'MicroProfile構成',
                title: 'MicroProfile Config',
                title: 'MicroProfile構成',
                h1: 'Microprofile Config Sources',
                h1: 'マイクロプロファイル構成ソース',
                title: 'Microprofile Config Sources',
                title: 'マイクロプロファイル構成ソース',
##########extensions :Extensions Overview:
gg_us#######extensions :Extensions Overview:
gg_tr#######extensions : h1: '拡張機能の概要':
hh_ln######extensions :                h1: 'Extensions Overview',
iiiiii######extensions :\ h1\:\ \'Extensions\ Overview\'
                h1: 'Extensions Overview',
                h1: '拡張機能の概要',
##########extensions :Extensions Overview:
gg_us#######extensions :Extensions Overview:
gg_tr#######extensions : title: '拡張機能の概要':
hh_ln######extensions :                title: 'Extensions Overview',
iiiiii######extensions :\ title\:\ \'Extensions\ Overview\'
                title: 'Extensions Overview',
                title: '拡張機能の概要',
                h1: 'CDI extension for HikariCP',
                h1: 'HikariCPのCDI拡張機能',
                title: 'CDI extension for HikariCP',
                title: 'HikariCPのCDI拡張機能',
                h1: 'CDI extension for Oracle UCP',
                h1: 'Oracle UCPのCDI拡張機能',
                title: 'CDI extension for Oracle UCP',
                title: 'Oracle UCPのCDI拡張機能',
                h1: 'CDI extension for Jedis',
                h1: 'JedisのCDI拡張機能',
                title: 'CDI extension for Jedis',
                title: 'JedisのCDI拡張機能',
                h1: 'CDI extension for OCI Object storage',
                h1: 'OCIオブジェクト・ストレージのCDI拡張機能',
                title: 'CDI extension for OCI Object storage',
                title: 'OCIオブジェクト・ストレージのCDI拡張機能',
                h1: 'CDI extension for JTA',
                h1: 'JTAのCDI拡張機能',
                title: 'CDI extension for JTA',
                title: 'JTAのCDI拡張機能',
                h1: 'About CORS in Helidon MP',
                h1: 'Helidon MPのCORSについて',
                title: 'About CORS in Helidon MP',
                title: 'Helidon MPのCORSについて',
                h1: 'Using the Helidon MP CORS API',
                h1: 'Helidon MP CORS APIの使用',
                title: 'Using the Helidon MP CORS API',
                title: 'Helidon MP CORS APIの使用',
                h1: 'Using Configuration with CORS in Helidon MP',
                h1: 'Helidon MPでのCORSによる構成の使用',
                title: 'Using Configuration with CORS in Helidon MP',
                title: 'Helidon MPでのCORSによる構成の使用',
                h1: 'Using CORS in Helidon MP Built-in Services',
                h1: 'Helidon MP組込みサービスでのCORSの使用',
                title: 'Using CORS in Helidon MP Built-in Services',
                title: 'Helidon MP組込みサービスでのCORSの使用',
                h1: 'Fault Tolerance Introduction',
                h1: 'フォルト・トレランスの概要',
                title: 'Fault Tolerance Introduction',
                title: 'フォルト・トレランスの概要',
                h1: 'gRPC MicroProfile Server Services',
                h1: 'gRPC MicroProfileサーバー・サービス',
                title: 'gRPC MicroProfile Server Services',
                title: 'gRPC MicroProfileサーバー・サービス',
                h1: 'gRPC MicroProfile Clients',
                h1: 'gRPC MicroProfileクライアント',
                title: 'gRPC MicroProfile Clients',
                title: 'gRPC MicroProfileクライアント',
not found :MicroProfile GraphQL:
not found :MicroProfile GraphQL:
not found :MicroProfile Health:
not found :MicroProfile Health:
                h1: 'Configuring the Server',
                h1: 'サーバーの構成',
                title: 'Configuring the Server',
                title: 'サーバーの構成',
                h1: 'Configuring the Application',
                h1: 'アプリケーションの構成',
                title: 'Configuring the Application',
                title: 'アプリケーションの構成',
                h1: 'Serving Static Content',
                h1: '静的コンテンツの提供',
                title: 'Serving Static Content',
                title: '静的コンテンツの提供',
                h1: 'Reactive routing in Helidon MP',
                h1: 'Helidon MPのリアクティブ・ルーティング',
                title: 'Reactive routing in Helidon MP',
                title: 'Helidon MPのリアクティブ・ルーティング',
not found :Helidon MP JPA:
not found :Helidon MP JPA:
                h1: 'JWT Authentication',
                h1: 'JWT認証',
                title: 'JWT Authentication',
                title: 'JWT認証',
                h1: 'Metrics',
                h1: 'メトリックス',
                title: 'Metrics',
                title: 'メトリックス',
not found :OpenAPI:
not found :OpenAPI:
                h1: 'Overview',
                h1: '概要',
                title: 'Overview',
                title: '概要',
                h1: 'Helidon Reactive Engine',
                h1: 'Helidonリアクティブ・エンジン',
                title: 'Helidon Reactive Engine',
                title: 'Helidonリアクティブ・エンジン',
                h1: 'Reactive Streams Operators',
                h1: 'リアクティブ・ストリーム演算子',
                title: 'Reactive Streams Operators',
                title: 'リアクティブ・ストリーム演算子',
                h1: 'Reactive Messaging',
                h1: 'リアクティブ・メッセージング',
                title: 'Reactive Messaging',
                title: 'リアクティブ・メッセージング',
                h1: 'Message',
                h1: 'メッセージ',
                title: 'Message',
                title: 'メッセージ',
                h1: 'Connector',
                h1: 'コネクタ',
                title: 'Connector',
                title: 'コネクタ',
                h1: 'Kafka Connector',
                h1: 'Kafkaコネクタ',
                title: 'Kafka Connector',
                title: 'Kafkaコネクタ',
                h1: 'JMS Connector',
                h1: 'JMSコネクタ',
                title: 'JMS Connector',
                title: 'JMSコネクタ',
                h1: 'Oracle AQ Connector',
                h1: 'Oracle AQコネクタ',
                title: 'Oracle AQ Connector',
                title: 'Oracle AQコネクタ',
                h1: 'Rest Client',
                h1: 'Restクライアント',
                title: 'Rest Client',
                title: 'Restクライアント',
                h1: 'Adding Security',
                h1: 'セキュリティの追加',
                title: 'Adding Security',
                title: 'セキュリティの追加',
                h1: 'Security Providers',
                h1: 'セキュリティ・プロバイダ',
                title: 'Security Providers',
                title: 'セキュリティ・プロバイダ',
                h1: 'Configuration Secrets',
                h1: '構成シークレット',
                title: 'Configuration Secrets',
                title: '構成シークレット',
                h1: 'Tracing',
                h1: 'トレース',
                title: 'Tracing',
                title: 'トレース',
                h1: 'Zipkin Tracing',
                h1: 'Zipkinトレース',
                title: 'Zipkin Tracing',
                title: 'Zipkinトレース',
                h1: 'Jaeger Tracing',
                h1: 'Jaegerトレース',
                title: 'Jaeger Tracing',
                title: 'Jaegerトレース',
                h1: 'WebSocket Introduction',
                h1: 'WebSocket概要',
                title: 'WebSocket Introduction',
                title: 'WebSocket概要',
                h1: 'GraalVM native image',
                h1: 'GraalVMネイティブ・イメージ',
                title: 'GraalVM native image',
                title: 'GraalVMネイティブ・イメージ',
                h1: 'Testing with JUnit5',
                h1: 'JUnit5でのテスト',
                title: 'Testing with JUnit5',
                title: 'JUnit5でのテスト',
                h1: 'Deploying to OKE',
                h1: 'OKEへのデプロイ',
                title: 'Deploying to OKE',
                title: 'OKEへのデプロイ',
                h1: 'Build Container Images with Jib',
                h1: 'Jibを使用したコンテナ・イメージのビルド',
                title: 'Build Container Images with Jib',
                title: 'Jibを使用したコンテナ・イメージのビルド',
                h1: 'Community',
                h1: 'コミュニティ',
                title: 'Community',
                title: 'コミュニティ',
                h1: 'Why `@OPTIONS`?',
                h1: 'なぜ`@OPTIONS`?',
                title: 'Why `@OPTIONS`?',
                title: 'なぜ`@OPTIONS`?',
                    title: 'Introduction',
                    title: '導入',
                            title: 'About',
                            title: '情報',
                                { href: '/about/01_overview', title: 'Overview' },
                                { href: '/about/01_overview', title: '概要' },
                                { href: '/about/02_introduction', title: 'About Helidon' },
                                { href: '/about/02_introduction', title: 'Helidonについて' },
                                { href: '/about/03_prerequisites', title: 'Get Started' },
                                { href: '/about/03_prerequisites', title: '開始' },
                                { href: '/about/04_managing-dependencies', title: 'Managing Dependencies' },
                                { href: '/about/04_managing-dependencies', title: '依存関係の管理' },
not found :Helidon CLI:
                                { href: '/about/05_kubernetes', title: 'Kubernetes on your Desktop' },
                                { href: '/about/05_kubernetes', title: 'デスクトップ上のKubernetes' },
                                { href: '/about/10_upgrade', title: 'Upgrading from 1.4' }
                                { href: '/about/10_upgrade', title: '1.4からのアップグレード' }
not found :Helidon SE:
                            title: 'Introduction',
                            title: '導入',
not found :Helidon SE:
                            title: 'Guides',
                            title: 'ガイド',
                                { href: '/se/guides/01_overview', title: 'Overview' },
                                { href: '/se/guides/01_overview', title: '概要' },
                                { href: '/se/guides/02_quickstart', title: 'Helidon SE Quickstart' },
                                { href: '/se/guides/02_quickstart', title: 'Helidon SEクイックスタート' },
                                { href: '/se/guides/03_config', title: 'Helidon SE Config Guide' },
                                { href: '/se/guides/03_config', title: 'Helidon SE構成ガイド' },
                                { href: '/se/guides/04_health', title: 'Helidon SE Health Check Guide' },
                                { href: '/se/guides/04_health', title: 'Helidon SEヘルス・チェック・ガイド' },
                                { href: '/se/guides/05_metrics', title: 'Helidon SE Metrics Guide' },
                                { href: '/se/guides/05_metrics', title: 'Helidon SEメトリック・ガイド' },
                                { href: '/se/guides/05_security_oidc', title: 'Helidon SE OIDC Security Provider Guide' },
                                { href: '/se/guides/05_security_oidc', title: 'Helidon SE OIDCセキュリティ・プロバイダ・ガイド' },
                                { href: '/se/guides/06_tracing', title: 'Helidon SE Tracing Guide' },
                                { href: '/se/guides/06_tracing', title: 'Helidon SEトレース・ガイド' },
                                { href: '/se/guides/15_migration', title: 'Helidon SE Upgrade Guide' },
                                { href: '/se/guides/15_migration', title: 'Helidon SEアップグレード・ガイド' },
                                { href: '/se/guides/25_maven_build', title: 'Maven Guide' },
                                { href: '/se/guides/25_maven_build', title: 'Mavenガイド' },
                                { href: '/se/guides/26_gradle_build', title: 'Gradle Guide' },
                                { href: '/se/guides/26_gradle_build', title: 'Gradleガイド' },
                                { href: '/se/guides/36_graalnative', title: 'GraalVM Native Images' },
                                { href: '/se/guides/36_graalnative', title: 'GraalVMネイティブ・イメージ' },
                                { href: '/se/guides/37_jlink_image', title: 'Custom Runtime Images with `jlink`' }
                                { href: '/se/guides/37_jlink_image', title: '`jlink`を使用したカスタム・ランタイム・イメージ' }
                            title: 'Config',
                            title: '構成',
                                { href: '/se/config/01_introduction', title: 'The Configuration Component' },
                                { href: '/se/config/01_introduction', title: '構成コンポーネント' },
                                { href: '/se/config/02_config-sources', title: 'Loading Configuration: Config Sources and Parsers' },
                                { href: '/se/config/02_config-sources', title: '構成のロード: 構成ソースおよびパーサー' },
                                { href: '/se/config/03_hierarchical-features', title: 'Hierarchical Features' },
                                { href: '/se/config/03_hierarchical-features', title: '階層機能' },
                                { href: '/se/config/04_property-mapping', title: 'Property Mapping' },
                                { href: '/se/config/04_property-mapping', title: 'プロパティ・マッピング' },
                                { href: '/se/config/05_mutability-support', title: 'Mutability Support' },
                                { href: '/se/config/05_mutability-support', title: '可変性のサポート' },
                                { href: '/se/config/06_advanced-configuration', title: 'Advanced Configuration Topics' },
                                { href: '/se/config/06_advanced-configuration', title: '拡張構成のトピック' },
##########extensions :Extensions:
gg_us#######extensions :Extensions:
gg_tr#######extensions : title: '拡張':
hh_ln######extensions :                                { href: '/se/config/07_extensions', title: 'Extensions' },
iiiiii######extensions :\ title\:\ \'Extensions\'
                                { href: '/se/config/07_extensions', title: 'Extensions' },
                                { href: '/se/config/07_extensions', title: '拡張' },
                                { href: '/se/config/08_supported-formats', title: 'Additional Supported Formats and Sources' }
                                { href: '/se/config/08_supported-formats', title: 'サポートされているその他の形式およびソース' }
not found :CORS:
                                { href: '/se/cors/01_introduction', title: 'About CORS in Helidon SE' },
                                { href: '/se/cors/01_introduction', title: 'Helidon SEのCORSについて' },
                                { href: '/se/cors/02_using-the-api', title: 'Using the Helidon SE CORS API' },
                                { href: '/se/cors/02_using-the-api', title: 'Helidon SE CORS APIの使用' },
                                { href: '/se/cors/03_using-configuration', title: 'Using Configuration for CORS' },
                                { href: '/se/cors/03_using-configuration', title: 'CORSの構成の使用' },
                                { href: '/se/cors/04_support-in-builtin-services', title: 'Using CORS in Built-in Services' }
                                { href: '/se/cors/04_support-in-builtin-services', title: '組込みサービスでのCORSの使用' }
                            title: 'DB Client',
                            title: 'DBクライアント',
                                { href: '/se/dbclient/01_introduction', title: 'About Helidon DB Client' }
                                { href: '/se/dbclient/01_introduction', title: 'Helidon DBクライアントについて' }
                            title: 'gRPC server',
                            title: 'gRPCサーバー',
                                { href: '/se/grpc/01_introduction', title: 'gRPC Server Introduction' },
                                { href: '/se/grpc/01_introduction', title: 'gRPCサーバーの概要' },
                                { href: '/se/grpc/02_configuration', title: 'gRPC Server Configuration' },
                                { href: '/se/grpc/02_configuration', title: 'gRPCサーバー構成' },
                                { href: '/se/grpc/03_routing', title: 'gRPC Server Routing' },
                                { href: '/se/grpc/03_routing', title: 'gRPCサーバーのルーティング' },
                                { href: '/se/grpc/04_service_implementation', title: 'gRPC Service Implementation' },
                                { href: '/se/grpc/04_service_implementation', title: 'gRPCサービスの実装' },
                                { href: '/se/grpc/05_interceptors', title: 'gRPC Interceptors' },
                                { href: '/se/grpc/05_interceptors', title: 'gRPCインターセプタ' },
                                { href: '/se/grpc/06_health_checks', title: 'gRPC Service Health Checks' },
                                { href: '/se/grpc/06_health_checks', title: 'gRPCサービス・ヘルス・チェック' },
                                { href: '/se/grpc/07_metrics', title: 'gRPC Service Metrics' },
                                { href: '/se/grpc/07_metrics', title: 'gRPCサービス・メトリック' },
                                { href: '/se/grpc/08_security', title: 'gRPC Server Security' },
                                { href: '/se/grpc/08_security', title: 'gRPCサーバー・セキュリティ' },
                                { href: '/se/grpc/21_client_introduction', title: 'gRPC Client Introduction' },
                                { href: '/se/grpc/21_client_introduction', title: 'gRPCクライアントの概要' },
                                { href: '/se/grpc/22_client_configuration', title: 'gRPC Client Configuration' },
                                { href: '/se/grpc/22_client_configuration', title: 'gRPCクライアント構成' },
                                { href: '/se/grpc/23_client_implementation', title: 'gRPC Client Implementation' }
                                { href: '/se/grpc/23_client_implementation', title: 'gRPCクライアント実装' }
                            title: 'GraphQL server',
                            title: 'GraphQLサーバー',
                                { href: '/se/graphql/01_introduction', title: 'GraphQL Server Introduction' }
                                { href: '/se/graphql/01_introduction', title: 'GraphQLサーバーの概要' }
                            title: 'Health Checks',
                            title: 'ヘルス・チェック',
                                { href: '/se/health/01_health', title: 'Health Checks' },
                                { href: '/se/health/01_health', title: 'ヘルス・チェック' },
                                { href: '/se/health/02_health_in_k8s', title: 'Kubernetes Probes' }
                                { href: '/se/health/02_health_in_k8s', title: 'Kubernetesプローブ' }
                            title: 'Metrics',
                            title: 'メトリックス',
                                { href: '/se/metrics/01_metrics', title: 'Metrics' },
                                { href: '/se/metrics/01_metrics', title: 'メトリックス' },
                                { href: '/se/metrics/02_prometheus', title: 'Prometheus Metrics' }
                                { href: '/se/metrics/02_prometheus', title: 'Prometheusメトリック' }
not found :OpenAPI:
                                { href: '/se/openapi/01_openapi', title: 'OpenAPI in SE' }
                                { href: '/se/openapi/01_openapi', title: 'SEのOpenAPI' }
                            title: 'Reactive Streams',
                            title: 'リアクティブ・ストリーム',
                                { href: '/se/reactivestreams/01_overview', title: 'Overview' },
                                { href: '/se/reactivestreams/01_overview', title: '概要' },
                                { href: '/se/reactivestreams/02_engine', title: 'Helidon Reactive Engine' },
                                { href: '/se/reactivestreams/02_engine', title: 'Helidonリアクティブ・エンジン' },
                                { href: '/se/reactivestreams/03_rsoperators', title: 'Reactive Streams Operators' }
                                { href: '/se/reactivestreams/03_rsoperators', title: 'リアクティブ・ストリーム演算子' }
                            title: 'Reactive Messaging',
                            title: 'リアクティブ・メッセージング',
                                { href: '/se/reactivemessaging/01_introduction', title: 'Reactive Messaging' },
                                { href: '/se/reactivemessaging/01_introduction', title: 'リアクティブ・メッセージング' },
                                { href: '/se/reactivemessaging/03_connector', title: 'Connector' },
                                { href: '/se/reactivemessaging/03_connector', title: 'コネクタ' },
                                { href: '/se/reactivemessaging/04_kafka', title: 'Kafka Connector' },
                                { href: '/se/reactivemessaging/04_kafka', title: 'Kafkaコネクタ' },
                                { href: '/se/reactivemessaging/05_jms', title: 'JMS Connector' },
                                { href: '/se/reactivemessaging/05_jms', title: 'JMSコネクタ' },
                                { href: '/se/reactivemessaging/06_aq', title: 'AQ Connector' }
                                { href: '/se/reactivemessaging/06_aq', title: 'AQコネクタ' }
                            title: 'Reactive Webserver',
                            title: 'リアクティブWebサーバー',
                                { href: '/se/webserver/01_introduction', title: 'WebServer Introduction' },
                                { href: '/se/webserver/01_introduction', title: 'WebServer概要' },
                                { href: '/se/webserver/02_configuration', title: 'WebServer Configuration' },
                                { href: '/se/webserver/02_configuration', title: 'WebServerの構成' },
                                { href: '/se/webserver/03_routing', title: 'Routing' },
                                { href: '/se/webserver/03_routing', title: 'ルーティング' },
                                { href: '/se/webserver/04_request-handling', title: 'Request Handling' },
                                { href: '/se/webserver/04_request-handling', title: 'リクエスト処理' },
                                { href: '/se/webserver/05_error-handling', title: 'Error Handling' },
                                { href: '/se/webserver/05_error-handling', title: 'エラー処理' },
                                { href: '/se/webserver/06_static-content-support', title: 'Static Content Support' },
                                { href: '/se/webserver/06_static-content-support', title: '静的コンテンツのサポート' },
                                { href: '/se/webserver/07_jersey-support', title: 'Jersey (JAX-RS) Support' },
                                { href: '/se/webserver/07_jersey-support', title: 'Jersey (JAX-RS)サポート' },
                                { href: '/se/webserver/08_json-support', title: 'JSON Support' },
                                { href: '/se/webserver/08_json-support', title: 'JSONのサポート' },
                                { href: '/se/webserver/09_jsonb-support', title: 'JSON-B Support' },
                                { href: '/se/webserver/09_jsonb-support', title: 'JSON-Bのサポート' },
                                { href: '/se/webserver/10_jackson-support', title: 'Jackson Support' },
                                { href: '/se/webserver/10_jackson-support', title: 'Jacksonのサポート' },
                                { href: '/se/webserver/11_access-log', title: 'WebServer Access Log' },
                                { href: '/se/webserver/11_access-log', title: 'WebServerアクセス・ログ' },
                                { href: '/se/webserver/12_tls-configuration', title: 'WebServer TLS configuration' },
                                { href: '/se/webserver/12_tls-configuration', title: 'WebServer TLS構成' },
                                { href: '/se/webserver/13_http-compression', title: 'WebServer HTTP Compression' }
                                { href: '/se/webserver/13_http-compression', title: 'WebServer HTTP圧縮' }
                            title: 'Security',
                            title: 'セキュリティ',
                                { href: '/se/security/01_introduction', title: 'Security Introduction' },
                                { href: '/se/security/01_introduction', title: 'セキュリティの概要' },
                                { href: '/se/security/02_providers', title: 'Security Providers' },
                                { href: '/se/security/02_providers', title: 'セキュリティ・プロバイダ' },
                                { href: '/se/security/03_containers-integration', title: 'Containers Integration' },
                                { href: '/se/security/03_containers-integration', title: 'コンテナ統合' },
                                { href: '/se/security/04_tools', title: 'Security Tools' },
                                { href: '/se/security/04_tools', title: 'セキュリティ・ツール' },
                                { href: '/se/security/05_extensibility', title: 'Extending Security' }
                                { href: '/se/security/05_extensibility', title: 'セキュリティの強化' }
                            title: 'Tracing',
                            title: 'トレース',
                                { href: '/se/tracing/01_tracing', title: 'Tracing' },
                                { href: '/se/tracing/01_tracing', title: 'トレース' },
                                { href: '/se/tracing/02_zipkin', title: 'Zipkin Tracing' },
                                { href: '/se/tracing/02_zipkin', title: 'Zipkinトレース' },
                                { href: '/se/tracing/03_jaeger', title: 'Jaeger Tracing' }
                                { href: '/se/tracing/03_jaeger', title: 'Jaegerトレース' }
                            title: 'Web Client',
                            title: 'Webクライアント',
                                { href: '/se/webclient/01_introduction', title: 'WebClient Introduction' },
                                { href: '/se/webclient/01_introduction', title: 'WebClient概要' },
                                { href: '/se/webclient/02_tls-configuration', title: 'WebClient TLS configuration' }
                                { href: '/se/webclient/02_tls-configuration', title: 'WebClient TLS構成' }
not found :Websocket:
                                { href: '/se/websocket/01_overview', title: 'WebSocket Introduction' }
                                { href: '/se/websocket/01_overview', title: 'WebSocket概要' }
not found :AOT:
                                { href: '/se/aot/01_introduction', title: 'GraalVM native image' }
                                { href: '/se/aot/01_introduction', title: 'GraalVMネイティブ・イメージ' }
                            title: 'Fault Tolerance',
                            title: 'フォルト・トレランス',
                                { href: '/se/faulttolerance/01_faulttolerance', title: 'Fault Tolerance in Helidon SE' }
                                { href: '/se/faulttolerance/01_faulttolerance', title: 'Helidon SEでのフォルト・トレランス' }
not found :Helidon MP:
                            title: 'Introduction',
                            title: '導入',
                                { href: '/mp/introduction/01_introduction', title: 'Helidon MP Introduction' },
                                { href: '/mp/introduction/01_introduction', title: 'Helidon MPの概要' },
not found :Helidon MicroProfile:
                            title: 'Guides',
                            title: 'ガイド',
                                { href: '/mp/guides/01_overview', title: 'Overview' },
                                { href: '/mp/guides/01_overview', title: '概要' },
                                { href: '/mp/guides/02_quickstart', title: 'Helidon MP Quickstart' },
                                { href: '/mp/guides/02_quickstart', title: 'Helidon MPクイックスタート' },
                                { href: '/mp/guides/03_config', title: 'Helidon MP Config Guide' },
                                { href: '/mp/guides/03_config', title: 'Helidon MP構成ガイド' },
                                { href: '/mp/guides/04_health', title: 'Helidon MP Health Check Guide' },
                                { href: '/mp/guides/04_health', title: 'Helidon MPヘルス・チェック・ガイド' },
                                { href: '/mp/guides/05_metrics', title: 'Helidon MP Metrics Guide' },
                                { href: '/mp/guides/05_metrics', title: 'Helidon MPメトリック・ガイド' },
                                { href: '/mp/guides/05_security-oidc', title: 'Helidon MP OIDC Security Provider' },
                                { href: '/mp/guides/05_security-oidc', title: 'Helidon MP OIDCセキュリティ・プロバイダ' },
                                { href: '/mp/guides/06_tracing', title: 'Helidon MP Tracing Guide' },
                                { href: '/mp/guides/06_tracing', title: 'Helidon MPトレース・ガイド' },
                                { href: '/mp/guides/07_datasource', title: 'Helidon MP Data Source Guide' },
                                { href: '/mp/guides/07_datasource', title: 'Helidon MPデータ・ソース・ガイド' },
                                { href: '/mp/guides/08_jta', title: 'Helidon MP JTA Guide' },
                                { href: '/mp/guides/08_jta', title: 'Helidon MP JTAガイド' },
                                { href: '/mp/guides/09_jpa', title: 'Helidon MP JPA Guide' },
                                { href: '/mp/guides/09_jpa', title: 'Helidon MP JPAガイド' },
                                { href: '/mp/guides/10_mp-tutorial', title: 'Helidon MP Tutorial' },
                                { href: '/mp/guides/10_mp-tutorial', title: 'Helidon MPチュートリアル' },
                                { href: '/mp/guides/15_migration', title: 'Helidon MP Upgrade Guide' },
                                { href: '/mp/guides/15_migration', title: 'Helidon MPアップグレード・ガイド' },
                                { href: '/mp/guides/25_maven_build', title: 'Maven Guide' },
                                { href: '/mp/guides/25_maven_build', title: 'Mavenガイド' },
                                { href: '/mp/guides/26_gradle_build', title: 'Gradle Guide' },
                                { href: '/mp/guides/26_gradle_build', title: 'Gradleガイド' },
                                { href: '/mp/guides/36_graalnative', title: 'GraalVM Native Images' },
                                { href: '/mp/guides/36_graalnative', title: 'GraalVMネイティブ・イメージ' },
                                { href: '/mp/guides/37_jlink_image', title: 'Custom Runtime Images with `jlink`' }
                                { href: '/mp/guides/37_jlink_image', title: '`jlink`を使用したカスタム・ランタイム・イメージ' }
                            title: 'Config',
                            title: '構成',
                                { href: '/mp/config/01_introduction', title: 'MicroProfile Config' },
                                { href: '/mp/config/01_introduction', title: 'MicroProfile構成' },
                                { href: '/mp/config/02_MP_config_sources', title: 'Microprofile Config Sources' }
                                { href: '/mp/config/02_MP_config_sources', title: 'マイクロプロファイル構成ソース' }
##########extensions :CDI Extensions:
gg_us#######extensions :CDI Extensions:
gg_tr#######extensions : title: 'CDI拡張機能':
hh_ln######extensions :                            title: 'CDI Extensions',
iiiiii######extensions :\ title\:\ \'CDI\ Extensions\'
                            title: 'CDI Extensions',
                            title: 'CDI拡張機能',
##########extensions :Extensions Overview:
gg_us#######extensions :Extensions Overview:
gg_tr#######extensions : title: '拡張機能の概要':
hh_ln######extensions :                                { href: '/mp/extensions/01_overview', title: 'Extensions Overview' },
iiiiii######extensions :\ title\:\ \'Extensions\ Overview\'
                                { href: '/mp/extensions/01_overview', title: 'Extensions Overview' },
                                { href: '/mp/extensions/01_overview', title: '拡張機能の概要' },
                                { href: '/mp/extensions/02_cdi_datasource-hikaricp', title: 'CDI extension for HikariCP' },
                                { href: '/mp/extensions/02_cdi_datasource-hikaricp', title: 'HikariCPのCDI拡張機能' },
                                { href: '/mp/extensions/02_cdi_datasource-ucp', title: 'CDI extension for Oracle UCP' },
                                { href: '/mp/extensions/02_cdi_datasource-ucp', title: 'Oracle UCPのCDI拡張機能' },
                                { href: '/mp/extensions/03_cdi_jedis', title: 'CDI extension for Jedis' },
                                { href: '/mp/extensions/03_cdi_jedis', title: 'JedisのCDI拡張機能' },
                                { href: '/mp/extensions/04_cdi_oci-objectstorage', title: 'CDI extension for OCI Object storage' },
                                { href: '/mp/extensions/04_cdi_oci-objectstorage', title: 'OCIオブジェクト・ストレージのCDI拡張機能' },
                                { href: '/mp/extensions/05_cdi_jta', title: 'CDI extension for JTA' }
                                { href: '/mp/extensions/05_cdi_jta', title: 'JTAのCDI拡張機能' }
not found :CORS:
                                { href: '/mp/cors/01_introduction', title: 'About CORS in Helidon MP' },
                                { href: '/mp/cors/01_introduction', title: 'Helidon MPのCORSについて' },
                                { href: '/mp/cors/02_using-cors', title: 'Using the Helidon MP CORS API' },
                                { href: '/mp/cors/02_using-cors', title: 'Helidon MP CORS APIの使用' },
                                { href: '/mp/cors/03_configuration-with-cors-mp', title: 'Using Configuration with CORS in Helidon MP' },
                                { href: '/mp/cors/03_configuration-with-cors-mp', title: 'Helidon MPでのCORSによる構成の使用' },
                                { href: '/mp/cors/04_support-in-builtin-services', title: 'Using CORS in Helidon MP Built-in Services' }
                                { href: '/mp/cors/04_support-in-builtin-services', title: 'Helidon MP組込みサービスでのCORSの使用' }
                            title: 'Fault Tolerance',
                            title: 'フォルト・トレランス',
                                { href: '/mp/faulttolerance/01_overview', title: 'Fault Tolerance Introduction' }
                                { href: '/mp/faulttolerance/01_overview', title: 'フォルト・トレランスの概要' }
                            title: 'gRPC server',
                            title: 'gRPCサーバー',
                                { href: '/mp/grpc/01_mp_server_side_services', title: 'gRPC MicroProfile Server Services' },
                                { href: '/mp/grpc/01_mp_server_side_services', title: 'gRPC MicroProfileサーバー・サービス' },
                                { href: '/mp/grpc/02_mp_clients', title: 'gRPC MicroProfile Clients' }
                                { href: '/mp/grpc/02_mp_clients', title: 'gRPC MicroProfileクライアント' }
not found :GraphQL:
not found :MicroProfile GraphQL:
                            title: 'Health Checks',
                            title: 'ヘルス・チェック',
not found :MicroProfile Health:
not found :JAX-RS/Jersey:
                                { href: '/mp/jaxrs/02_server-configuration', title: 'Configuring the Server' },
                                { href: '/mp/jaxrs/02_server-configuration', title: 'サーバーの構成' },
                                { href: '/mp/jaxrs/03_application-configuration', title: 'Configuring the Application' },
                                { href: '/mp/jaxrs/03_application-configuration', title: 'アプリケーションの構成' },
                                { href: '/mp/jaxrs/04_static-content', title: 'Serving Static Content' },
                                { href: '/mp/jaxrs/04_static-content', title: '静的コンテンツの提供' },
                                { href: '/mp/jaxrs/10_reactive-routing', title: 'Reactive routing in Helidon MP' }
                                { href: '/mp/jaxrs/10_reactive-routing', title: 'Helidon MPのリアクティブ・ルーティング' }
not found :JPA:
not found :Helidon MP JPA:
                            title: 'JWT Auth',
                            title: 'JWT認証',
                                { href: '/mp/jwtauth/01_introduction', title: 'JWT Authentication' }
                                { href: '/mp/jwtauth/01_introduction', title: 'JWT認証' }
                            title: 'Metrics',
                            title: 'メトリックス',
                                { href: '/mp/metrics/01_introduction', title: 'Metrics' }
                                { href: '/mp/metrics/01_introduction', title: 'メトリックス' }
not found :OpenAPI:
not found :OpenAPI:
                            title: 'Reactive Streams',
                            title: 'リアクティブ・ストリーム',
                                { href: '/mp/reactivestreams/01_overview', title: 'Overview' },
                                { href: '/mp/reactivestreams/01_overview', title: '概要' },
                                { href: '/mp/reactivestreams/02_engine', title: 'Helidon Reactive Engine' },
                                { href: '/mp/reactivestreams/02_engine', title: 'Helidonリアクティブ・エンジン' },
                                { href: '/mp/reactivestreams/03_rsoperators', title: 'Reactive Streams Operators' }
                                { href: '/mp/reactivestreams/03_rsoperators', title: 'リアクティブ・ストリーム演算子' }
                            title: 'Reactive Messaging',
                            title: 'リアクティブ・メッセージング',
                                { href: '/mp/reactivemessaging/01_introduction', title: 'Reactive Messaging' },
                                { href: '/mp/reactivemessaging/01_introduction', title: 'リアクティブ・メッセージング' },
                                { href: '/mp/reactivemessaging/02_message', title: 'Message' },
                                { href: '/mp/reactivemessaging/02_message', title: 'メッセージ' },
                                { href: '/mp/reactivemessaging/03_connector', title: 'Connector' },
                                { href: '/mp/reactivemessaging/03_connector', title: 'コネクタ' },
                                { href: '/mp/reactivemessaging/04_kafka', title: 'Kafka Connector' },
                                { href: '/mp/reactivemessaging/04_kafka', title: 'Kafkaコネクタ' },
                                { href: '/mp/reactivemessaging/05_jms', title: 'JMS Connector' },
                                { href: '/mp/reactivemessaging/05_jms', title: 'JMSコネクタ' },
                                { href: '/mp/reactivemessaging/06_aq', title: 'Oracle AQ Connector' }
                                { href: '/mp/reactivemessaging/06_aq', title: 'Oracle AQコネクタ' }
                            title: 'REST Client',
                            title: 'RESTクライアント',
                                { href: '/mp/restclient/09_rest-client', title: 'Rest Client' }
                                { href: '/mp/restclient/09_rest-client', title: 'Restクライアント' }
                            title: 'Security',
                            title: 'セキュリティ',
                                { href: '/mp/security/01_security', title: 'Adding Security' },
                                { href: '/mp/security/01_security', title: 'セキュリティの追加' },
                                { href: '/mp/security/02_providers', title: 'Security Providers' },
                                { href: '/mp/security/02_providers', title: 'セキュリティ・プロバイダ' },
                                { href: '/mp/security/03_configuration-secrets', title: 'Configuration Secrets' }
                                { href: '/mp/security/03_configuration-secrets', title: '構成シークレット' }
                            title: 'Tracing',
                            title: 'トレース',
                                { href: '/mp/tracing/01_tracing', title: 'Tracing' },
                                { href: '/mp/tracing/01_tracing', title: 'トレース' },
                                { href: '/mp/tracing/02_zipkin', title: 'Zipkin Tracing' },
                                { href: '/mp/tracing/02_zipkin', title: 'Zipkinトレース' },
                                { href: '/mp/tracing/03_jaeger', title: 'Jaeger Tracing' }
                                { href: '/mp/tracing/03_jaeger', title: 'Jaegerトレース' }
not found :Websocket:
                                { href: '/mp/websocket/01_overview', title: 'WebSocket Introduction' }
                                { href: '/mp/websocket/01_overview', title: 'WebSocket概要' }
not found :AOT:
                                { href: '/mp/aot/01_introduction', title: 'GraalVM native image' }
                                { href: '/mp/aot/01_introduction', title: 'GraalVMネイティブ・イメージ' }
                            title: 'Testing',
                            title: 'テスティング',
                                { href: '/mp/testing/01_testing', title: 'Testing with JUnit5' }
                                { href: '/mp/testing/01_testing', title: 'JUnit5でのテスト' }
        ,{ header: 'Additional resources' },
        ,{ header: '追加リソース' },
            title: 'Javadocs',
            title: 'Javadoc',
            title: 'Community',
            title: 'コミュニティ',
